<?xml version="1.0" encoding="UTF-8"?>
<!-- Generated by org.testng.reporters.JUnitReportReporter -->
<testsuite hostname="LAPTOP-A4PEUQQ0" failures="0" tests="3" name="seleniumSairam.window_10_FFox_Selenium" time="193.802" errors="0" timestamp="2025-02-09T18:40:30 IST" skipped="0">
  <testcase classname="seleniumSairam.window_10_FFox_Selenium" name="testSimpleFormDemo" time="56.381"/>
  <system-out/>
  <testcase classname="seleniumSairam.window_10_FFox_Selenium" name="testDragAndDropSlider" time="61.560"/>
  <system-out/>
  <testcase classname="seleniumSairam.window_10_FFox_Selenium" name="testInputFormSubmit" time="75.861"/>
  <system-out/>
</testsuite> <!-- seleniumSairam.window_10_FFox_Selenium -->
