<?xml version="1.0" encoding="UTF-8"?>
<!-- Generated by org.testng.reporters.JUnitReportReporter -->
<testsuite hostname="LAPTOP-DUJFBR3O" failures="0" tests="3" name="seleniumPKG.window_10_FFox_Selenium" time="188.587" errors="0" timestamp="2024-12-14T15:57:46 IST" skipped="0">
  <testcase classname="seleniumPKG.window_10_FFox_Selenium" name="testSimpleFormDemo" time="66.109"/>
  <system-out/>
  <testcase classname="seleniumPKG.window_10_FFox_Selenium" name="testDragAndDropSlider" time="66.869"/>
  <system-out/>
  <testcase classname="seleniumPKG.window_10_FFox_Selenium" name="testInputFormSubmit" time="55.609"/>
  <system-out/>
</testsuite> <!-- seleniumPKG.window_10_FFox_Selenium -->
