<?xml version="1.0" encoding="UTF-8"?>
<!-- Generated by org.testng.reporters.JUnitReportReporter -->
<testsuite hostname="LAPTOP-DUJFBR3O" failures="0" tests="3" name="seleniumPKG.window_10_Chrome_Selenium" time="157.390" errors="0" timestamp="2024-12-14T15:57:46 IST" skipped="0">
  <testcase classname="seleniumPKG.window_10_Chrome_Selenium" name="testSimpleFormDemo" time="50.964"/>
  <system-out/>
  <testcase classname="seleniumPKG.window_10_Chrome_Selenium" name="testDragAndDropSlider" time="72.197"/>
  <system-out/>
  <testcase classname="seleniumPKG.window_10_Chrome_Selenium" name="testInputFormSubmit" time="34.229"/>
  <system-out/>
</testsuite> <!-- seleniumPKG.window_10_Chrome_Selenium -->
