<?xml version="1.0" encoding="UTF-8"?>
<!-- Generated by org.testng.reporters.JUnitReportReporter -->
<testsuite hostname="LAPTOP-A4PEUQQ0" failures="0" tests="3" name="seleniumSairam.window_10_Chrome_Selenium" time="123.455" errors="0" timestamp="2025-02-09T18:40:29 IST" skipped="0">
  <testcase classname="seleniumSairam.window_10_Chrome_Selenium" name="testSimpleFormDemo" time="33.131"/>
  <system-out/>
  <testcase classname="seleniumSairam.window_10_Chrome_Selenium" name="testDragAndDropSlider" time="43.110"/>
  <system-out/>
  <testcase classname="seleniumSairam.window_10_Chrome_Selenium" name="testInputFormSubmit" time="47.214"/>
  <system-out/>
</testsuite> <!-- seleniumSairam.window_10_Chrome_Selenium -->
